prism-react-renderer: 149.77 KB (10.2%)
micromark: 121.03 KB (8.25%)
react-dom: 119.19 KB (8.13%)
jszip: 93.53 KB (6.38%)
react-transition-group: 79.64 KB (5.43%)
react-hotkeys: 77.38 KB (5.28%)
react-toastify: 35.1 KB (2.39%)
property-information: 30.78 KB (2.10%)
lodash.set: 24.64 KB (1.68%)
regenerator-runtime: 24.26 KB (1.65%)
js-search: 23.07 KB (1.57%)
lodash.get: 22.85 KB (1.56%)
react-markdown: 21.6 KB (1.47%)
mdast-util-from-markdown: 20.63 KB (1.41%)
mdast-util-to-hast: 17.6 KB (1.20%)
vfile: 15.42 KB (1.05%)
  is-buffer: 301 B (1.91%)
  <self>: 15.13 KB (98.1%)
query-string: 11.28 KB (0.769%)
unified: 10.43 KB (0.711%)
  is-buffer: 301 B (2.82%)
  <self>: 10.13 KB (97.2%)
prismjs: 9.69 KB (0.661%)
@babel/runtime: 7.93 KB (0.540%)
body-scroll-lock: 6.94 KB (0.473%)
style-loader: 6.67 KB (0.455%)
react: 6.48 KB (0.442%)
react-copy-to-clipboard: 6.39 KB (0.435%)
inline-style-parser: 4.97 KB (0.339%)
scheduler: 4.91 KB (0.335%)
css-loader: 4.65 KB (0.317%)
querystring: 4.51 KB (0.307%)
react-side-effect: 3.52 KB (0.240%)
extend: 3.24 KB (0.221%)
copy-to-clipboard: 3.2 KB (0.218%)
trough: 2.78 KB (0.190%)
file-saver: 2.68 KB (0.183%)
prop-types: 2.6 KB (0.177%)
react-is: 2.48 KB (0.169%)
mdurl: 2.22 KB (0.151%)
decode-uri-component: 2.17 KB (0.148%)
object-assign: 2.06 KB (0.140%)
unist-util-visit-parents: 2.05 KB (0.140%)
vfile-message: 1.86 KB (0.127%)
dom-helpers: 1.57 KB (0.107%)
unist-util-is: 1.29 KB (0.0880%)
react-body-classname: 1.19 KB (0.0810%)
comma-separated-tokens: 1.14 KB (0.0777%)
mdast-util-definitions: 1 KB (0.0682%)
remark-rehype: 983 B (0.0654%)
style-to-object: 975 B (0.0649%)
unist-util-stringify-position: 890 B (0.0593%)
parse-entities: 867 B (0.0577%)
toggle-selection: 780 B (0.0519%)
unist-util-visit: 668 B (0.0445%)
clsx: 659 B (0.0439%)
mdast-util-to-string: 615 B (0.0409%)
remark-parse: 590 B (0.0393%)
unist-util-position: 527 B (0.0351%)
split-on-first: 459 B (0.0306%)
unist-builder: 448 B (0.0298%)
xtend: 384 B (0.0256%)
filter-obj: 346 B (0.0230%)
space-separated-tokens: 325 B (0.0216%)
unist-util-generated: 304 B (0.0202%)
is-plain-obj: 245 B (0.0163%)
strict-uri-encode: 138 B (0.00919%)
bail: 91 B (0.00606%)
<self>: 458.36 KB (31.2%)
